[02/Nov/2018 03:21:05] INFO PII request for induser6 sent by admin
[02/Nov/2018 03:44:28] INFO Request for transaction created by induser10
[02/Nov/2018 03:46:43] INFO Request for transaction created by induser10
[02/Nov/2018 03:48:32] INFO Transaction 6 approved by : admin
[02/Nov/2018 03:48:45] INFO Transaction 7 approved by : admin
[02/Nov/2018 03:50:06] INFO Transaction 24 approved by : admin
[02/Nov/2018 04:01:04] INFO Password Reset Initiated for induser7 by admin admin
[02/Nov/2018 04:01:52] INFO Password Reset Done for induser7
[02/Nov/2018 04:02:04] INFO PKI reset : induser7
[02/Nov/2018 04:10:50] INFO Transaction 23 approved by : dewangee.agrawal
[02/Nov/2018 04:55:22] INFO Request for transaction created by employee2
[02/Nov/2018 04:56:54] INFO Transaction 25 approved by : dewangee.agrawal
[02/Nov/2018 05:11:31] INFO User Profile View Request sent by induser7 for merchant4
[02/Nov/2018 05:11:43] INFO User request From induser7 to Read User Profile approved by dewangee.agrawal 
[02/Nov/2018 15:11:16] INFO User Profile Edit Request sent by induser10 for induser10 to dewangee.agrawal
[02/Nov/2018 15:31:21] INFO Request for transaction 26 from induser10, ************0123 to merchant4, ************3747 for amount 100 sent by induser10
[02/Nov/2018 15:31:45] INFO Request for transaction 27 from None to induser10, ************0123 for amount 1000 sent by induser10
[02/Nov/2018 15:32:34] INFO Transaction 26 from induser10, ************0123 to merchant4, ************3747 for amount 100 approved by : admin
[02/Nov/2018 15:33:04] INFO Transaction 27 from None to induser10, ************0123 for amount 1000 approved by : admin
[02/Nov/2018 22:10:26] INFO User Delete Request sent by induser10 for induser10 to employee2
[02/Nov/2018 22:10:49] INFO User request From induser10 to Delete User Profile approved by employee2 
